<?xml version="1.0" encoding="UTF-8"?>
<!-- Generated by org.testng.reporters.JUnitReportReporter -->
<testsuite skipped="0" hostname="LAPTOP-H46AUTOS" name="com.qa.rediff.testcases.CreateAccountPageTest" tests="8" failures="0" timestamp="05 Jun 2020 16:55:38 GMT" time="89.017" errors="0">
  <testcase name="createAccountTest" time="10.864" classname="com.qa.rediff.testcases.CreateAccountPageTest"/>
  <testcase name="createAccountTest" time="11.293" classname="com.qa.rediff.testcases.CreateAccountPageTest"/>
  <testcase name="createAccountTest" time="10.546" classname="com.qa.rediff.testcases.CreateAccountPageTest"/>
  <testcase name="createAccountTest" time="11.018" classname="com.qa.rediff.testcases.CreateAccountPageTest"/>
  <testcase name="createAccountTest" time="10.675" classname="com.qa.rediff.testcases.CreateAccountPageTest"/>
  <testcase name="createAccountTest" time="11.440" classname="com.qa.rediff.testcases.CreateAccountPageTest"/>
  <testcase name="createAccountTest" time="11.568" classname="com.qa.rediff.testcases.CreateAccountPageTest"/>
  <testcase name="createAccountTest" time="11.613" classname="com.qa.rediff.testcases.CreateAccountPageTest"/>
</testsuite> <!-- com.qa.rediff.testcases.CreateAccountPageTest -->
