<?xml version="1.0" encoding="UTF-8"?>
<!-- Generated by org.testng.reporters.JUnitReportReporter -->
<testsuite skipped="0" hostname="LAPTOP-H46AUTOS" name="com.qa.rediff.testcases.SignInPageTest" tests="6" failures="0" timestamp="05 Jun 2020 16:55:38 GMT" time="62.034" errors="0">
  <testcase name="signInTest" time="10.731" classname="com.qa.rediff.testcases.SignInPageTest"/>
  <testcase name="signInTest" time="9.725" classname="com.qa.rediff.testcases.SignInPageTest"/>
  <testcase name="signInTest" time="10.142" classname="com.qa.rediff.testcases.SignInPageTest"/>
  <testcase name="signInTest" time="10.260" classname="com.qa.rediff.testcases.SignInPageTest"/>
  <testcase name="signInTest" time="9.687" classname="com.qa.rediff.testcases.SignInPageTest"/>
  <testcase name="signInTest" time="11.489" classname="com.qa.rediff.testcases.SignInPageTest"/>
</testsuite> <!-- com.qa.rediff.testcases.SignInPageTest -->
