<?xml version="1.0" encoding="UTF-8"?>
<!-- Generated by org.testng.reporters.JUnitReportReporter -->
<testsuite skipped="0" hostname="LAPTOP-H46AUTOS" name="com.qa.rediff.testcases.CreateAccountPageTest" tests="1" failures="0" timestamp="08 Jun 2020 10:57:11 GMT" time="11.620" errors="0">
  <testcase name="createAccountTest" time="11.620" classname="com.qa.rediff.testcases.CreateAccountPageTest"/>
</testsuite> <!-- com.qa.rediff.testcases.CreateAccountPageTest -->
