<?xml version="1.0" encoding="UTF-8"?>
<!-- Generated by org.testng.reporters.JUnitReportReporter -->
<testsuite skipped="0" hostname="LAPTOP-H46AUTOS" name="com.qa.rediff.testcases.SignInPageTest" tests="1" failures="0" timestamp="08 Jun 2020 10:57:11 GMT" time="9.237" errors="0">
  <testcase name="signInTest" time="9.237" classname="com.qa.rediff.testcases.SignInPageTest"/>
</testsuite> <!-- com.qa.rediff.testcases.SignInPageTest -->
